2025-08-29 11:18:31,817 - data_loader - WARNING - [warning]769 label(s) without matching image(s): ['see-55c38c4f-8359-11f0-a23f-5c3a45ebe9da', 'no-34ab2cb9-835f-11f0-9826-5c3a45ebe9da', 'small-5e170225-835f-11f0-978d-5c3a45ebe9da', 'what-8df2c479-835d-11f0-9d03-5c3a45ebe9da', 'help-12cda0a5-8358-11f0-902c-5c3a45ebe9da']...[/warning]
2025-08-29 11:18:31,820 - data_loader - WARNING - [warning]738 image(s) without matching label(s): ['66f861ca-where-9bb8f630-8361-11f0-88d9-5c3a45ebe9da', 'f14ac880-water-a5b1706a-835a-11f0-b0c1-5c3a45ebe9da', '7bb580fb-you-acd62860-8355-11f0-88a6-5c3a45ebe9da', '6849ede6-you-a2f85612-8355-11f0-a858-5c3a45ebe9da', 'a80c854a-again-6606cf31-835d-11f0-bf55-5c3a45ebe9da']...[/warning]
2025-08-29 11:18:31,833 - data_loader - WARNING - [warning]Class id 4 maps to both 'eat' and 'food' (from 5e26772f-food-85836915-835a-11f0-b9b1-5c3a45ebe9da.txt).[/warning]
2025-08-29 11:18:31,847 - data_loader - WARNING - [warning]Class id 4 maps to both 'eat' and 'food' (from 2a1f8974-food-8c37336a-835a-11f0-a956-5c3a45ebe9da.txt).[/warning]
2025-08-29 11:18:31,850 - data_loader - WARNING - [warning]Class id 2 maps to both 'book' and 'friend' (from 1c0258e2-friend-e79db1d2-835b-11f0-b4ad-5c3a45ebe9da.txt).[/warning]
2025-08-29 11:18:31,858 - data_loader - WARNING - [warning]Class id 4 maps to both 'eat' and 'food' (from 15767b5a-food-89c63f6f-835a-11f0-af94-5c3a45ebe9da.txt).[/warning]
2025-08-29 11:18:31,881 - data_loader - WARNING - [warning]Class id 4 maps to both 'eat' and 'food' (from a59313e9-food-8929d79b-835a-11f0-8870-5c3a45ebe9da.txt).[/warning]
2025-08-29 11:18:31,888 - data_loader - WARNING - [warning]Class id 4 maps to both 'eat' and 'food' (from ce0dfd46-food-8a61de28-835a-11f0-b227-5c3a45ebe9da.txt).[/warning]
2025-08-29 11:18:31,894 - data_loader - WARNING - [warning]Class id 4 maps to both 'eat' and 'food' (from 159b1abe-food-83173306-835a-11f0-a8fc-5c3a45ebe9da.txt).[/warning]
2025-08-29 11:18:31,906 - data_loader - WARNING - [warning]Class id 4 maps to both 'eat' and 'food' (from 32688f34-food-9388694a-835a-11f0-944f-5c3a45ebe9da.txt).[/warning]
2025-08-29 11:18:31,925 - data_loader - WARNING - [warning]Class id 4 maps to both 'eat' and 'food' (from 0b8621d1-food-8b99ea98-835a-11f0-9fac-5c3a45ebe9da.txt).[/warning]
2025-08-29 11:18:31,930 - data_loader - WARNING - [warning]Class id 4 maps to both 'eat' and 'food' (from de95b44a-food-8afd62a6-835a-11f0-ad90-5c3a45ebe9da.txt).[/warning]
2025-08-29 11:18:31,936 - data_loader - WARNING - [warning]Class id 4 maps to both 'eat' and 'food' (from 34793d53-food-8ea6d4ad-835a-11f0-8b82-5c3a45ebe9da.txt).[/warning]
2025-08-29 11:18:31,941 - data_loader - WARNING - [warning]Class id 4 maps to both 'eat' and 'food' (from e46ca7cc-food-8d6e9f45-835a-11f0-8f78-5c3a45ebe9da.txt).[/warning]
2025-08-29 11:18:31,951 - data_loader - WARNING - [warning]Class id 4 maps to both 'eat' and 'food' (from 718788e4-food-8e0b8950-835a-11f0-b8bf-5c3a45ebe9da.txt).[/warning]
2025-08-29 11:18:31,958 - data_loader - WARNING - [warning]Class id 4 maps to both 'eat' and 'food' (from 42e7d188-food-91b3382d-835a-11f0-9cf3-5c3a45ebe9da.txt).[/warning]
2025-08-29 11:18:31,964 - data_loader - WARNING - [warning]Class id 4 maps to both 'eat' and 'food' (from b5236b5e-food-844d39e9-835a-11f0-9df0-5c3a45ebe9da.txt).[/warning]
2025-08-29 11:18:31,976 - data_loader - WARNING - [warning]Class id 4 maps to both 'eat' and 'food' (from da5534e1-food-81dce1ea-835a-11f0-87d5-5c3a45ebe9da.txt).[/warning]
2025-08-29 11:18:31,981 - data_loader - WARNING - [warning]Class id 4 maps to both 'eat' and 'food' (from 910500b8-food-8f432398-835a-11f0-b381-5c3a45ebe9da.txt).[/warning]
2025-08-29 11:18:31,985 - data_loader - WARNING - [warning]Class id 4 maps to both 'eat' and 'food' (from e665d9a8-food-9250a0a5-835a-11f0-9f31-5c3a45ebe9da.txt).[/warning]
2025-08-29 11:18:31,991 - data_loader - WARNING - [warning]Class id 4 maps to both 'eat' and 'food' (from c69577d3-food-955b8942-835a-11f0-8b6a-5c3a45ebe9da.txt).[/warning]
2025-08-29 11:18:32,001 - data_loader - WARNING - [warning]Class id 4 maps to both 'eat' and 'food' (from 26fa1d80-food-83b25810-835a-11f0-8067-5c3a45ebe9da.txt).[/warning]
2025-08-29 11:18:32,014 - data_loader - WARNING - [warning]Class id 4 maps to both 'eat' and 'food' (from 3b0f978c-food-907caf78-835a-11f0-a6f5-5c3a45ebe9da.txt).[/warning]
2025-08-29 11:18:32,017 - data_loader - WARNING - [warning]Class id 4 maps to both 'eat' and 'food' (from 99786fec-food-87f2ce5c-835a-11f0-926a-5c3a45ebe9da.txt).[/warning]
2025-08-29 11:18:32,024 - data_loader - WARNING - [warning]Class id 4 maps to both 'eat' and 'food' (from 05f27053-food-86b9cab2-835a-11f0-9392-5c3a45ebe9da.txt).[/warning]
2025-08-29 11:18:32,045 - data_loader - WARNING - [warning]Class id 4 maps to both 'eat' and 'food' (from a585a2b3-food-8cd37a8e-835a-11f0-b94c-5c3a45ebe9da.txt).[/warning]
2025-08-29 11:18:32,047 - data_loader - WARNING - [warning]Class id 4 maps to both 'eat' and 'food' (from ae2511ba-food-8755747c-835a-11f0-902e-5c3a45ebe9da.txt).[/warning]
2025-08-29 11:18:32,048 - data_loader - WARNING - [warning]Class id 4 maps to both 'eat' and 'food' (from 8b931e3d-food-861e7829-835a-11f0-8718-5c3a45ebe9da.txt).[/warning]
2025-08-29 11:18:32,052 - data_loader - WARNING - [warning]Class id 4 maps to both 'eat' and 'food' (from d4257222-food-888dc316-835a-11f0-ab42-5c3a45ebe9da.txt).[/warning]
2025-08-29 11:18:32,057 - data_loader - WARNING - [warning]Class id 4 maps to both 'eat' and 'food' (from d748e51d-food-8fdfd0a1-835a-11f0-b431-5c3a45ebe9da.txt).[/warning]
2025-08-29 11:18:32,074 - data_loader - WARNING - [warning]Class id 4 maps to both 'eat' and 'food' (from a0890bb5-food-84e87ac6-835a-11f0-bfd9-5c3a45ebe9da.txt).[/warning]
2025-08-29 11:18:32,077 - data_loader - WARNING - [warning]Class id 4 maps to both 'eat' and 'food' (from 1dd8079d-food-9117c040-835a-11f0-bb7b-5c3a45ebe9da.txt).[/warning]
2025-08-29 11:18:32,084 - data_loader - WARNING - [warning]Class id 4 maps to both 'eat' and 'food' (from 4c61e2a4-food-92ed034e-835a-11f0-b015-5c3a45ebe9da.txt).[/warning]
2025-08-29 11:18:32,107 - data_loader - WARNING - [warning]Class id 4 maps to both 'eat' and 'food' (from 070b43e3-food-8279e721-835a-11f0-9c5f-5c3a45ebe9da.txt).[/warning]
2025-08-29 11:18:32,108 - data_loader - WARNING - [warning]Class id 4 maps to both 'eat' and 'food' (from aebcb249-food-94c02de3-835a-11f0-b481-5c3a45ebe9da.txt).[/warning]
2025-08-29 11:18:32,116 - data_loader - WARNING - [warning]Class id 4 maps to both 'eat' and 'food' (from 8bdda983-food-942437b3-835a-11f0-ade8-5c3a45ebe9da.txt).[/warning]
2025-08-29 11:19:38,559 - data_loader - WARNING - [warning]769 label(s) without matching image(s): ['want-b25d96a4-8355-11f0-866d-5c3a45ebe9da', 'help-105a8aac-8358-11f0-9805-5c3a45ebe9da', 'where-9ec39403-8361-11f0-9d24-5c3a45ebe9da', 'food-92ed034e-835a-11f0-b015-5c3a45ebe9da', 'water-a6eaa854-835a-11f0-be3f-5c3a45ebe9da']...[/warning]
2025-08-29 11:19:38,562 - data_loader - WARNING - [warning]738 image(s) without matching label(s): ['20ec88b0-you-ab9d84a2-8355-11f0-8775-5c3a45ebe9da', 'a13b8627-see-5527bc17-8359-11f0-8d41-5c3a45ebe9da', '127ce6f7-again-6d67dafe-835d-11f0-bfdf-5c3a45ebe9da', '956bfef2-help-1fd39244-8358-11f0-9310-5c3a45ebe9da', 'd57b8720-water-a8c123bb-835a-11f0-a4d5-5c3a45ebe9da']...[/warning]
2025-08-29 11:19:38,575 - data_loader - WARNING - [warning]Class id 4 maps to both 'eat' and 'food' (from 5e26772f-food-85836915-835a-11f0-b9b1-5c3a45ebe9da.txt).[/warning]
2025-08-29 11:19:38,585 - data_loader - WARNING - [warning]Class id 4 maps to both 'eat' and 'food' (from 2a1f8974-food-8c37336a-835a-11f0-a956-5c3a45ebe9da.txt).[/warning]
2025-08-29 11:19:38,587 - data_loader - WARNING - [warning]Class id 2 maps to both 'book' and 'friend' (from 1c0258e2-friend-e79db1d2-835b-11f0-b4ad-5c3a45ebe9da.txt).[/warning]
2025-08-29 11:19:38,594 - data_loader - WARNING - [warning]Class id 4 maps to both 'eat' and 'food' (from 15767b5a-food-89c63f6f-835a-11f0-af94-5c3a45ebe9da.txt).[/warning]
2025-08-29 11:19:38,614 - data_loader - WARNING - [warning]Class id 4 maps to both 'eat' and 'food' (from a59313e9-food-8929d79b-835a-11f0-8870-5c3a45ebe9da.txt).[/warning]
2025-08-29 11:19:38,620 - data_loader - WARNING - [warning]Class id 4 maps to both 'eat' and 'food' (from ce0dfd46-food-8a61de28-835a-11f0-b227-5c3a45ebe9da.txt).[/warning]
2025-08-29 11:19:38,626 - data_loader - WARNING - [warning]Class id 4 maps to both 'eat' and 'food' (from 159b1abe-food-83173306-835a-11f0-a8fc-5c3a45ebe9da.txt).[/warning]
2025-08-29 11:19:38,637 - data_loader - WARNING - [warning]Class id 4 maps to both 'eat' and 'food' (from 32688f34-food-9388694a-835a-11f0-944f-5c3a45ebe9da.txt).[/warning]
2025-08-29 11:19:38,655 - data_loader - WARNING - [warning]Class id 4 maps to both 'eat' and 'food' (from 0b8621d1-food-8b99ea98-835a-11f0-9fac-5c3a45ebe9da.txt).[/warning]
2025-08-29 11:19:38,660 - data_loader - WARNING - [warning]Class id 4 maps to both 'eat' and 'food' (from de95b44a-food-8afd62a6-835a-11f0-ad90-5c3a45ebe9da.txt).[/warning]
2025-08-29 11:19:38,665 - data_loader - WARNING - [warning]Class id 4 maps to both 'eat' and 'food' (from 34793d53-food-8ea6d4ad-835a-11f0-8b82-5c3a45ebe9da.txt).[/warning]
2025-08-29 11:19:38,670 - data_loader - WARNING - [warning]Class id 4 maps to both 'eat' and 'food' (from e46ca7cc-food-8d6e9f45-835a-11f0-8f78-5c3a45ebe9da.txt).[/warning]
2025-08-29 11:19:38,680 - data_loader - WARNING - [warning]Class id 4 maps to both 'eat' and 'food' (from 718788e4-food-8e0b8950-835a-11f0-b8bf-5c3a45ebe9da.txt).[/warning]
2025-08-29 11:19:38,687 - data_loader - WARNING - [warning]Class id 4 maps to both 'eat' and 'food' (from 42e7d188-food-91b3382d-835a-11f0-9cf3-5c3a45ebe9da.txt).[/warning]
2025-08-29 11:19:38,692 - data_loader - WARNING - [warning]Class id 4 maps to both 'eat' and 'food' (from b5236b5e-food-844d39e9-835a-11f0-9df0-5c3a45ebe9da.txt).[/warning]
2025-08-29 11:19:38,705 - data_loader - WARNING - [warning]Class id 4 maps to both 'eat' and 'food' (from da5534e1-food-81dce1ea-835a-11f0-87d5-5c3a45ebe9da.txt).[/warning]
2025-08-29 11:19:38,710 - data_loader - WARNING - [warning]Class id 4 maps to both 'eat' and 'food' (from 910500b8-food-8f432398-835a-11f0-b381-5c3a45ebe9da.txt).[/warning]
2025-08-29 11:19:38,714 - data_loader - WARNING - [warning]Class id 4 maps to both 'eat' and 'food' (from e665d9a8-food-9250a0a5-835a-11f0-9f31-5c3a45ebe9da.txt).[/warning]
2025-08-29 11:19:38,720 - data_loader - WARNING - [warning]Class id 4 maps to both 'eat' and 'food' (from c69577d3-food-955b8942-835a-11f0-8b6a-5c3a45ebe9da.txt).[/warning]
2025-08-29 11:19:38,730 - data_loader - WARNING - [warning]Class id 4 maps to both 'eat' and 'food' (from 26fa1d80-food-83b25810-835a-11f0-8067-5c3a45ebe9da.txt).[/warning]
2025-08-29 11:19:38,738 - data_loader - WARNING - [warning]Class id 4 maps to both 'eat' and 'food' (from 3b0f978c-food-907caf78-835a-11f0-a6f5-5c3a45ebe9da.txt).[/warning]
2025-08-29 11:19:38,740 - data_loader - WARNING - [warning]Class id 4 maps to both 'eat' and 'food' (from 99786fec-food-87f2ce5c-835a-11f0-926a-5c3a45ebe9da.txt).[/warning]
2025-08-29 11:19:38,748 - data_loader - WARNING - [warning]Class id 4 maps to both 'eat' and 'food' (from 05f27053-food-86b9cab2-835a-11f0-9392-5c3a45ebe9da.txt).[/warning]
2025-08-29 11:19:38,768 - data_loader - WARNING - [warning]Class id 4 maps to both 'eat' and 'food' (from a585a2b3-food-8cd37a8e-835a-11f0-b94c-5c3a45ebe9da.txt).[/warning]
2025-08-29 11:19:38,769 - data_loader - WARNING - [warning]Class id 4 maps to both 'eat' and 'food' (from ae2511ba-food-8755747c-835a-11f0-902e-5c3a45ebe9da.txt).[/warning]
2025-08-29 11:19:38,771 - data_loader - WARNING - [warning]Class id 4 maps to both 'eat' and 'food' (from 8b931e3d-food-861e7829-835a-11f0-8718-5c3a45ebe9da.txt).[/warning]
2025-08-29 11:19:38,774 - data_loader - WARNING - [warning]Class id 4 maps to both 'eat' and 'food' (from d4257222-food-888dc316-835a-11f0-ab42-5c3a45ebe9da.txt).[/warning]
2025-08-29 11:19:38,778 - data_loader - WARNING - [warning]Class id 4 maps to both 'eat' and 'food' (from d748e51d-food-8fdfd0a1-835a-11f0-b431-5c3a45ebe9da.txt).[/warning]
2025-08-29 11:19:38,797 - data_loader - WARNING - [warning]Class id 4 maps to both 'eat' and 'food' (from a0890bb5-food-84e87ac6-835a-11f0-bfd9-5c3a45ebe9da.txt).[/warning]
2025-08-29 11:19:38,800 - data_loader - WARNING - [warning]Class id 4 maps to both 'eat' and 'food' (from 1dd8079d-food-9117c040-835a-11f0-bb7b-5c3a45ebe9da.txt).[/warning]
2025-08-29 11:19:38,806 - data_loader - WARNING - [warning]Class id 4 maps to both 'eat' and 'food' (from 4c61e2a4-food-92ed034e-835a-11f0-b015-5c3a45ebe9da.txt).[/warning]
2025-08-29 11:19:38,828 - data_loader - WARNING - [warning]Class id 4 maps to both 'eat' and 'food' (from 070b43e3-food-8279e721-835a-11f0-9c5f-5c3a45ebe9da.txt).[/warning]
2025-08-29 11:19:38,829 - data_loader - WARNING - [warning]Class id 4 maps to both 'eat' and 'food' (from aebcb249-food-94c02de3-835a-11f0-b481-5c3a45ebe9da.txt).[/warning]
2025-08-29 11:19:38,836 - data_loader - WARNING - [warning]Class id 4 maps to both 'eat' and 'food' (from 8bdda983-food-942437b3-835a-11f0-ade8-5c3a45ebe9da.txt).[/warning]
2025-08-29 11:26:20,017 - data_loader - WARNING - [warning]Found 769 label(s) without matching image(s)
First 5 examples: ['you-aa4e76bb-8355-11f0-9cf9-5c3a45ebe9da', 'book-d683280c-835b-11f0-b168-5c3a45ebe9da', 'work-83cfc231-8359-11f0-81b0-5c3a45ebe9da', 'small-5ba5dda2-835f-11f0-93ff-5c3a45ebe9da', 'book-d7b9e17e-835b-11f0-a2b2-5c3a45ebe9da']
This reduces your effective dataset size. Consider:
1. Removing these label files
2. Finding the missing images
3. Checking for case sensitivity in filenames[/warning]
2025-08-29 11:26:20,022 - data_loader - WARNING - [warning]Found 738 image(s) without matching label(s)
First 5 examples: ['e283f0c1-water-a343b54f-835a-11f0-aaa8-5c3a45ebe9da', '99786fec-food-87f2ce5c-835a-11f0-926a-5c3a45ebe9da', 'e06ad63e-again-755461c9-835d-11f0-a6c1-5c3a45ebe9da', '565a5ffb-more-104456ab-835c-11f0-aca8-5c3a45ebe9da', '2543c093-no-2d5a985c-835f-11f0-92c1-5c3a45ebe9da']
This means some images are not being used. Consider:
1. Creating labels for these images
2. Removing these images
3. Checking for case sensitivity in filenames[/warning]
2025-08-29 11:26:20,255 - data_loader - WARNING - [warning]Class id 4 has multiple mappings {'eat': 33, 'food': 33}. Using most frequent: 'eat'[/warning]
2025-08-29 11:26:20,257 - data_loader - WARNING - [warning]Class id 2 has multiple mappings {'book': 67, 'friend': 1}. Using most frequent: 'book'[/warning]
2025-08-29 11:33:53,075 - data_loader - WARNING - [warning]Found 32 label(s) without matching image(s)
First 5 examples: ['011f8c5a-iloveyou-226c3384-8360-11f0-bace-5c3a45ebe9da', '8726f9d7-iloveyou-27eb59ac-8360-11f0-8553-5c3a45ebe9da', '87a45fa6-iloveyou-2d6f6d2c-8360-11f0-9498-5c3a45ebe9da', '50c6f0e0-iloveyou-2afbaa29-8360-11f0-a08a-5c3a45ebe9da', 'd2264e25-iloveyou-24de21c4-8360-11f0-b09c-5c3a45ebe9da']
This reduces your effective dataset size. Consider:
1. Removing these label files
2. Finding the missing images
3. Checking for case sensitivity in filenames[/warning]
2025-08-29 11:33:56,522 - data_loader - WARNING - [warning]Class id 19 has multiple mappings {'thankyou': 34, '36e7fe64': 1, '5f3b8321': 1, 'e00ad4ce': 1, '3ea59400': 1, '46b215da': 1, 'a524cb78': 1, 'de0f6fad': 1, 'e4beb7f1': 1, '49e55e84': 1, '561f72bd': 1, '2c408472': 1, '9f59b80a': 1, '0a10ce4b': 1, '4920d53c': 1, '0baf0fac': 1, 'd44c0324': 1, '14bdf59e': 1, '03e91713': 1, 'abf60d7c': 1, 'c4471155': 1, '14a530df': 1, '12ea53ae': 1, '1a85d9c1': 1, 'd81ea0b8': 1, 'ebd5c54d': 1, '25cc1c4c': 1, 'e0630821': 1, '7682c2aa': 1, '70403138': 1, '11b85b80': 1, '01d76fb2': 1, '3959251e': 1, '7b011f84': 1}. Using most frequent: 'thankyou'[/warning]
2025-08-29 11:33:56,526 - data_loader - WARNING - [warning]Class id 13 has multiple mappings {'more': 34, 'b7601b6b': 1, 'cb9fd376': 1, '91e0e5b4': 1, '7702248d': 1, '1270c3c4': 1, '47ee6876': 1, 'e1da0311': 1, '47cdba64': 1, '7c11abaf': 1, '850a5270': 1, '93265b53': 1, '80310c34': 1, 'c9a94d20': 1, 'f0517923': 1, '475ecd48': 1, '5cea0d5f': 1, '91696e1c': 1, '84bbcc27': 1, '9772cc7f': 1, '52f250e5': 1, '8df6a397': 1, 'db07cd55': 1, '5a0b6893': 1, '565a5ffb': 1, 'f3ee910c': 1, 'fc17290f': 1, '933f4337': 1, 'eec80697': 1, '7943e10e': 1, '2940ed7d': 1, 'a7373a02': 1, '45ecae01': 1, 'a0ce42db': 1}. Using most frequent: 'more'[/warning]
2025-08-29 11:33:56,529 - data_loader - WARNING - [warning]Class id 0 has multiple mappings {'again': 32, '9420e278': 1, 'ebce1dde': 1, 'e7a2ce3c': 1, 'bd4e6378': 1, '81291557': 1, 'c0af22f0': 1, '127ce6f7': 1, '4ccfc079': 1, '6fed13da': 1, 'd9b86617': 1, '50cfa158': 1, '2991bbdc': 1, '57354303': 1, 'dcba6ded': 1, '547441eb': 1, 'f914175a': 1, '03a4b1f6': 1, '3c7a45da': 1, '62cab4bb': 1, 'e06ad63e': 1, '0440f6d8': 1, 'a80c854a': 1, '622494ce': 1, 'e27a47c0': 1, '9ff7d78d': 1, '0abe82db': 1, 'c1923bc6': 1, '820768b6': 1, 'be272af1': 1, '53fcd8e5': 1, 'ddbf13b8': 1, '86097828': 1, '1e945a4f': 1, 'c395178f': 1}. Using most frequent: 'again'[/warning]
2025-08-29 11:33:56,535 - data_loader - WARNING - [warning]Class id 17 has multiple mappings {'see': 33, '3de717c3': 1, '2f8cf97f': 1, '4b686e5c': 1, 'c1d69c61': 1, '5f464de5': 1, '3476a862': 1, '468a4135': 1, 'd01f1c89': 1, '7fe4fc7a': 1, 'c222b531': 1, '2a1606a6': 1, 'ef11e291': 1, '964931f7': 1, '36135ad7': 1, 'acc11de5': 1, 'a13b8627': 1, 'b4bd1b61': 1, '41cc1752': 1, '1ef562cf': 1, '8c1afc87': 1, '1fa8f059': 1, '7417ab2d': 1, '74be527b': 1, '25923bca': 1, 'd2d34348': 1, '93b2f5b0': 1, '8c623c36': 1, '0cfcf495': 1, '32092ac9': 1, 'c985a42a': 1, '454068c8': 1, 'bcb56bf8': 1, '8cab75ee': 1, 'b07bc743': 1, '26a79b9a': 1}. Using most frequent: 'see'[/warning]
2025-08-29 11:33:56,538 - data_loader - WARNING - [warning]Class id 5 has multiple mappings {'9e146951': 1, 'friend': 33, 'd0970dcd': 1, '54de14ab': 1, '151ef7f2': 1, 'c72048b2': 1, 'dc6555a8': 1, '1f42b7e5': 1, '600aeff7': 1, '19da1154': 1, 'fc0287b1': 1, 'df7cb2a1': 1, 'cc6d25ce': 1, '8eea82e0': 1, 'e0b938f3': 1, '881d7842': 1, 'd324609d': 1, '8a392b20': 1, '6dc04d64': 1, 'd5fe4a6c': 1, '39e33c41': 1, '040423e2': 1, 'fdd1e9fb': 1, '1b3e278d': 1, '77fae8c9': 1, 'e2593aa4': 1, '36d77f5d': 1, '77431470': 1, '7a61c7cf': 1, 'da4e6a4e': 1, 'cdd7aa9f': 1, '1cc0bf2d': 1, 'de65b5a0': 1, '817c9893': 1, '7a4a6eb4': 1}. Using most frequent: 'friend'[/warning]
2025-08-29 11:33:56,543 - data_loader - WARNING - [warning]Class id 26 has multiple mappings {'you': 34, '739ad72d': 1, '9e49efb9': 1, 'a4284712': 1, '97ba505b': 1, '8ce74f02': 1, 'c83937b8': 1, 'd0ad68f8': 1, '456f26ce': 1, '6683a909': 1, '60755d47': 1, '7e5c6b02': 1, 'ccdeaa64': 1, '8a25d53d': 1, '79b54289': 1, 'e75827b5': 1, '939d4c95': 1, 'b5031909': 1, '37b1d880': 1, '62c871b8': 1, '517514d5': 1, '5a592f6b': 1, '20ec88b0': 1, '7bb580fb': 1, '902136ce': 1, '197cbc98': 1, '99543d36': 1, 'f263433c': 1, 'beedf39e': 1, '6849ede6': 1, '812aaf90': 1, '11f96556': 1, '7cc6262f': 1}. Using most frequent: 'you'[/warning]
2025-08-29 11:33:56,551 - data_loader - WARNING - [warning]Class id 10 has multiple mappings {'i': 28, '87df18e8': 1, 'ebaaaa9b': 1, 'e6e3ba05': 1, '16a9a76c': 1, '7710aba9': 1, '8aaa4112': 1, 'c78d3d77': 1, 'bc7a5ba5': 1, '0aeb1b19': 1, '71cdd599': 1, '23ac1671': 1, '9419afcc': 1, '4d1a5bce': 1, 'a0b0770f': 1, '500ecac3': 1, 'de9ed1c9': 1, 'e3ca6eaa': 1, 'fa35697d': 1, '4aead8f3': 1, 'f010ecf2': 1, '60d91ce8': 1, '866ba917': 1, 'c16d5b80': 1, '88ecbc9d': 1, '80090896': 1, '034a273f': 1, 'c0f74544': 1, 'c6b7f1cc': 1, '6274437f': 1, '583f78ba': 1, '07f29cc2': 1, '4ef590c4': 1}. Using most frequent: 'i'[/warning]
2025-08-29 11:33:56,558 - data_loader - WARNING - [warning]Class id 3 has multiple mappings {'deaf': 31, 'efe1b63c': 1, 'd0ce9dd5': 1, 'f3f9de86': 1, '371e87ed': 1, '2ed941a2': 1, 'd898b445': 1, '6cd40ffb': 1, 'a29b2c96': 1, '28c9bc33': 1, '6756ae83': 1, '86768689': 1, '9a304517': 1, '3308eb7e': 1, '87db9361': 1, 'a2d24338': 1, '2d4fe3af': 1, '775b2124': 1, '562fae7d': 1, 'f26c5e16': 1, 'ee0730ad': 1, '4a93b336': 1, '82bba560': 1, '9e2c7b4c': 1, '09e7bb17': 1, 'f7ea7d93': 1, 'f9dc3e1b': 1, '86ca7e0f': 1, 'dd0cc4c7': 1, 'ae9fdc92': 1, '36b2abe3': 1, '4eb0bf4a': 1, 'ecead449': 1, '273f8d2f': 1, 'd3b854f1': 1}. Using most frequent: 'deaf'[/warning]
2025-08-29 11:33:56,565 - data_loader - WARNING - [warning]Class id 8 has multiple mappings {'ae77d1ee': 1, 'help': 33, 'f93b4631': 1, '6c882a0e': 1, 'cd259dad': 1, '470f1cc4': 1, 'f36e5782': 1, '1310f63a': 1, '3bf0437d': 1, 'd09d262a': 1, '87891389': 1, 'bd2377ed': 1, '94f8bbd6': 1, '956bfef2': 1, 'aa615f77': 1, 'f20041fd': 1, '618008d3': 1, 'a36e96bb': 1, '3c55a103': 1, '09964185': 1, '6420069e': 1, 'a7f60788': 1, 'cd87898c': 1, 'f4aab305': 1, '8a64602d': 1, 'd3e50d3a': 1, 'fe31f2c7': 1, 'f74ac83c': 1, '89367003': 1, '01ef14cb': 1, 'de09b58c': 1, '344b6155': 1, 'e156a489': 1}. Using most frequent: 'help'[/warning]
2025-08-29 11:33:56,586 - data_loader - WARNING - [warning]Class id 4 has multiple mappings {'eat': 33, '5e26772f': 1, '2a1f8974': 1, '15767b5a': 1, 'a59313e9': 1, 'ce0dfd46': 1, '159b1abe': 1, '32688f34': 1, '0b8621d1': 1, 'de95b44a': 1, '34793d53': 1, 'e46ca7cc': 1, '718788e4': 1, '42e7d188': 1, 'b5236b5e': 1, 'da5534e1': 1, '910500b8': 1, 'e665d9a8': 1, 'c69577d3': 1, '26fa1d80': 1, '3b0f978c': 1, '99786fec': 1, '05f27053': 1, 'a585a2b3': 1, 'ae2511ba': 1, '8b931e3d': 1, 'd4257222': 1, 'd748e51d': 1, 'a0890bb5': 1, '1dd8079d': 1, '4c61e2a4': 1, '070b43e3': 1, 'aebcb249': 1, '8bdda983': 1}. Using most frequent: 'eat'[/warning]
2025-08-29 11:33:56,625 - data_loader - WARNING - [warning]Class id 25 has multiple mappings {'yes': 32, '09b692b8': 1, '66d98a0b': 1, 'ef621c44': 1, '95f24bd3': 1, '1b742238': 1, 'b4d78bd4': 1, 'c9602eb3': 1, 'b91c671f': 1, 'e793587d': 1, 'a0836158': 1, '16e76ed2': 1, 'a82f4b6e': 1, 'e869db8d': 1, '97f1ef10': 1, 'b4f232c5': 1, 'e7c424f2': 1, '74b96ca7': 1, '65960e17': 1, '75e4cd43': 1, 'cded0517': 1, 'dcdb4999': 1, 'c0227d1d': 1, 'fbac33e3': 1, '719e8ef8': 1, '4ed44229': 1, '3c5e446e': 1, '1ebbea3a': 1, 'be4448b8': 1, '0e1ab33d': 1, 'fe8fd328': 1, 'e2d558a9': 1, '5a1bdba1': 1, '49872874': 1}. Using most frequent: 'yes'[/warning]
2025-08-29 11:33:56,633 - data_loader - WARNING - [warning]Class id 15 has multiple mappings {'5221c6b4': 1, 'no': 30, 'fa585c57': 1, 'a3a3246c': 1, 'e60af5de': 1, '2b4f1b2e': 1, '83452534': 1, '025d0016': 1, 'c8e1f8ed': 1, '0458bdd5': 1, 'f7f53c07': 1, '5df77487': 1, 'e658c29a': 1, '394f2353': 1, '731c497d': 1, '754a2a9d': 1, 'cde5617e': 1, 'f39598e8': 1, '2543c093': 1, 'e3709000': 1, 'e143c8c6': 1, '8f2b5310': 1, '59ba3d4e': 1, '413289d0': 1, '5c844b9b': 1, '3fdb75d9': 1, 'eb02d57b': 1, '48d33a9f': 1, 'b2b89702': 1, '7091e247': 1, 'ee22d2d2': 1, '4e354e36': 1, '2a9b05e3': 1, 'e37f8482': 1, '8787427f': 1, '5bcf2bbf': 1}. Using most frequent: 'no'[/warning]
2025-08-29 11:33:56,653 - data_loader - WARNING - [warning]Class id 1 has multiple mappings {'a47265ec': 1, 'big': 33, '826f225e': 1, '2fc058a3': 1, '1ad280bc': 1, '7374a2b4': 1, 'fc820dbb': 1, 'f9c7f8fb': 1, '7557aa4c': 1, 'b7a36f85': 1, '7c837e12': 1, '57560424': 1, '512a0023': 1, '65f749eb': 1, 'ff205ddd': 1, 'd2666aee': 1, '5cfe0294': 1, '07790fe1': 1, 'a458b0f5': 1, '7faa825a': 1, '87e524a9': 1, 'e612ae33': 1, 'c530519c': 1, '6b08f712': 1, 'ace77ea5': 1, 'e2cf6bff': 1}. Using most frequent: 'big'[/warning]
2025-08-29 11:33:56,662 - data_loader - WARNING - [warning]Class id 16 has multiple mappings {'play': 33, '709c4756': 1, 'a8e6ab83': 1, '8d41d06b': 1, '7abc2ff7': 1, '8a896951': 1, '08617eef': 1, '8a60efd2': 1, '63daff14': 1, '485a68af': 1, '458d960f': 1, '7ccd6283': 1, 'ffac1e14': 1, 'd492d4a2': 1, '5f07fe30': 1, '37c77024': 1, '6ebea8a9': 1, '8c6ad096': 1, '19a94f6c': 1, '6648dad0': 1, '7a26be5d': 1, '9b614dbd': 1, '3d0bc59e': 1, 'b3f4d8fb': 1, '51439a34': 1, 'aa9a036e': 1, '41766c4e': 1, '3080baa3': 1, '356197e7': 1, 'bda20c30': 1, '94750264': 1, 'ca2237c3': 1, 'bb998109': 1, '62640d50': 1}. Using most frequent: 'play'[/warning]
2025-08-29 11:33:56,672 - data_loader - WARNING - [warning]Class id 21 has multiple mappings {'water': 32, 'c19cd318': 1, 'ed04d671': 1, 'fbb2cc0c': 1, '9338cc83': 1, 'b7f27bc2': 1, '4cdb37e1': 1, '8fa18d43': 1, '847ac33c': 1, '98ad7f18': 1, '36ee1eed': 1, '788dcecd': 1, 'ce840d9d': 1, 'f14ac880': 1, 'e283f0c1': 1, '0deb9cae': 1, '1843bea6': 1, 'f0adc227': 1, 'b1512ce6': 1, 'a571be7f': 1, '9a34dfa8': 1, '6e399118': 1, '710a209e': 1, '3412f361': 1, 'ddb858c1': 1, 'd57b8720': 1, '79f08e93': 1, '944e1fea': 1, '7f175a3b': 1, '75838ab6': 1, '874f431d': 1, 'd3d73891': 1, '4043780b': 1}. Using most frequent: 'water'[/warning]
2025-08-29 11:33:56,681 - data_loader - WARNING - [warning]Class id 14 has multiple mappings {'ea2e3024': 1, 'd59a03ed': 1, 'f6c082dd': 1, 'be3210cc': 1, 'bda5e766': 1, 'need': 33, 'fbeb573a': 1, 'c8d70709': 1, '10fac0af': 1, 'c94f94c0': 1, '28eef390': 1, '63a0a5e2': 1, 'e115e77f': 1, '46388c9f': 1, 'fdd01bc7': 1, '064ad8b5': 1, '5f6eb73c': 1, 'b2806b51': 1, 'fdc44ff1': 1, 'b124fa92': 1, '5e93be6a': 1, '32d2c49e': 1, 'cfd98820': 1, '9313054b': 1, '7ee286c2': 1, 'ac09a6ce': 1, 'c6e68df1': 1}. Using most frequent: 'need'[/warning]
2025-08-29 11:33:56,688 - data_loader - WARNING - [warning]Class id 23 has multiple mappings {'where': 32, 'd40e5e38': 1, 'ba225a77': 1, '14d28dfb': 1, 'dce96b71': 1, '4ce50377': 1, 'bb275922': 1, '99dd2aa1': 1, '1c245052': 1, '7d3c7adc': 1, '2306a2f2': 1, '3a23ed80': 1, 'cb4b1b74': 1, '6689204b': 1, '38895cdc': 1, '41adf6e8': 1, 'ac751480': 1, '54845c99': 1, '8621dcb2': 1, 'fafeda20': 1, '2796d8d9': 1, '66f861ca': 1}. Using most frequent: 'where'[/warning]
2025-08-29 11:33:56,695 - data_loader - WARNING - [warning]Class id 18 has multiple mappings {'small': 33, 'f651865f': 1, 'b36cb6fb': 1, 'cfbec01e': 1, '380f52cd': 1, '211a087e': 1, '98256f54': 1, '4da2f8e6': 1, '16cd88ce': 1, 'a2b851f0': 1, 'de014e26': 1, 'b06dbe4a': 1, '1491d75a': 1, '6cc7ae90': 1, 'f199b424': 1, 'e1d4ae1d': 1, '49d6b7b6': 1, 'd46521d2': 1, '0fca64af': 1, 'a70f087e': 1, '2f86afb5': 1, '9fa5bfc4': 1}. Using most frequent: 'small'[/warning]
2025-08-29 11:33:56,703 - data_loader - WARNING - [warning]Class id 20 has multiple mappings {'want': 31, 'b4e500ec': 1, '57a008df': 1, 'd31d95d4': 1, '3534756f': 1, 'a0a2afea': 1, 'f60ad565': 1, '118068d1': 1, 'f0039b98': 1, '5081eeae': 1, 'ae576f18': 1, 'c95decd0': 1, '2ae0f5d0': 1, '4aac37c8': 1, '972cda34': 1, '4d3cf0c9': 1, 'a8d72d88': 1, '39276c49': 1, '075b04ca': 1, '678b6bc2': 1, 'be684d93': 1, '2ef5bb87': 1, '8b140b4e': 1, 'ac172ca4': 1, 'cb5d4dbc': 1, '37192587': 1, 'c7fd38ae': 1}. Using most frequent: 'want'[/warning]
2025-08-29 11:33:56,710 - data_loader - WARNING - [warning]Class id 11 has multiple mappings {'iloveyou': 33, 'c2116d15': 1, 'd2264e25': 1, '539887ef': 1, '560ae3d6': 1, 'f1750ec8': 1, '193e52cc': 1, 'e882d998': 1, '9af53ae8': 1, '398c5e04': 1, 'e887d848': 1, '34d82f11': 1, '4c4e5cae': 1, '2d400cb9': 1, 'f5914f1d': 1, '850194c8': 1, '83236b4f': 1, '280ec785': 1, '50c6f0e0': 1, '2a3b6cee': 1, '534bef27': 1, 'f9adb947': 1, '895747b1': 1, 'ad153b0a': 1, '948530e6': 1, '011f8c5a': 1, '5e436370': 1, 'd652f8e3': 1, '8726f9d7': 1, '6a21cfd7': 1, '4c24982b': 1, '87a45fa6': 1, 'bec7ef24': 1}. Using most frequent: 'iloveyou'[/warning]
2025-08-29 11:33:56,718 - data_loader - WARNING - [warning]Class id 12 has multiple mappings {'like': 33, 'e116c86c': 1, 'a68baf8d': 1, 'fcb8f860': 1, 'ec3bdacd': 1, 'f2a7a6e0': 1, '91b0618b': 1, '8fcdbbc8': 1, '767799de': 1, 'be4c9a11': 1, '54f871a1': 1, '6d680ac0': 1, 'd301cee9': 1, 'd7a5c154': 1, 'b8793a07': 1, '049876c0': 1, 'd9495e45': 1, '864005ee': 1, 'a302cb8a': 1, '0f74e7f4': 1, '725a57e1': 1, '0c32d9fa': 1, '5b703d94': 1, '79de6cc1': 1, '1203b4fc': 1, '95a5c29e': 1, 'ca232dbe': 1, 'e4da423a': 1, '103f0112': 1, 'db57fcd2': 1, 'ac15434c': 1, '87549501': 1, 'b4f11443': 1}. Using most frequent: 'like'[/warning]
2025-08-29 11:33:56,727 - data_loader - WARNING - [warning]Class id 6 has multiple mappings {'1e57fe58': 1, 'go': 32, 'e8460e7f': 1, 'aada6925': 1, '5b869cde': 1, 'b9a22813': 1, 'db8b899f': 1, '2ddf922b': 1, '774dbcd3': 1, 'aa21089f': 1, '40ed6c1c': 1, 'fd708243': 1, 'c92ad1ad': 1, '80b018ae': 1, '6e70aa2f': 1, '12b1610f': 1, '5c31df08': 1, '852e297d': 1, '925f6809': 1, '78d6e133': 1, 'f2f1518b': 1, 'b32bb384': 1, '78051c3f': 1, '398bdf2c': 1, 'aa9d6f82': 1, '1e61abb7': 1, 'b5a6a840': 1, 'fdf37a43': 1, 'a43f12e4': 1, 'cf96b7d5': 1, 'b9f81ac4': 1, '3f6cf709': 1}. Using most frequent: 'go'[/warning]
2025-08-29 11:33:56,737 - data_loader - WARNING - [warning]Class id 2 has multiple mappings {'8ec6298c': 1, 'af96bd7d': 1, 'book': 33, '1c0258e2': 1, '537d58c0': 1, '78077069': 1, '2bd07b38': 1, '782ab90d': 1, 'ddd0afbc': 1, '5d5e47da': 1, '82e22d87': 1, 'dd6fe5be': 1, 'e18b9045': 1, '398c50f3': 1, 'da5aed87': 1, '449c07fb': 1, '784106c3': 1, 'f9214e66': 1, 'd0f3aa44': 1, 'd9332cb1': 1, '338410e8': 1, '52407381': 1, 'fca7ac22': 1, '4afd9823': 1, 'be89b744': 1, '22c48091': 1, 'eb94705b': 1, 'd4981121': 1, '5e0f7f5e': 1, '80c4a58c': 1, 'a71614e7': 1, '402862af': 1, '6225437b': 1, '34141aff': 1, 'f013226c': 1, '18c82e8d': 1}. Using most frequent: 'book'[/warning]
2025-08-29 11:33:56,747 - data_loader - WARNING - [warning]Class id 24 has multiple mappings {'work': 32, '052ff7be': 1, 'd354b80a': 1, '1cb95af1': 1, 'ee2ab028': 1, '697088ea': 1, '4fa3649a': 1, 'a3d9dc6d': 1, '81cdfcad': 1, '83c69ddd': 1, 'bb4b76d2': 1, '15f8856b': 1, '4a196e00': 1, '1d2af26f': 1, '0cb25896': 1, '19c32f88': 1, '62ddfa91': 1, 'd83fe6c9': 1, '35d0d152': 1, '3b4cc61f': 1, 'a3588634': 1, 'e72932be': 1, '1877a166': 1, '6aa2d6e9': 1, 'afb03301': 1, '822b54e4': 1, 'a0c2a74e': 1, '0a5d2d4f': 1, 'b4749f06': 1, 'dbaacde6': 1, 'c3bbf967': 1, 'c1966661': 1, '77de4fdf': 1}. Using most frequent: 'work'[/warning]
2025-08-29 12:00:32,375 - data_loader - WARNING - [warning]859 label(s) without matching image(s): ['need-8d803fbd-8378-11f0-961c-f87c5855fa4d', 'friend-206b1be3-8374-11f0-80a7-f87c5855fa4d', 'like-97d8b723-836f-11f0-9c20-f87c5855fa4d', 'yes-2d9691e4-8376-11f0-a0d8-f87c5855fa4d', 'home-f33125b8-8373-11f0-b03a-f87c5855fa4d']...[/warning]
2025-08-29 12:00:32,379 - data_loader - WARNING - [warning]990 image(s) without matching label(s): ['b3c43c3e-more-33b7924a-8374-11f0-8488-f87c5855fa4d', 'd1f698e6-help-aff61978-836f-11f0-8033-f87c5855fa4d', 'ae5f5a6b-where-9a429a7f-8378-11f0-9198-f87c5855fa4d', 'a8722962-see-77e6aed4-8371-11f0-97fb-f87c5855fa4d', 'cdf9e99f-need-82917578-8378-11f0-b8e3-f87c5855fa4d']...[/warning]
2025-08-29 12:00:32,438 - data_loader - WARNING - [warning]Class id 16 maps to both 'play' and 'work' (from 1c5958fb-work-91d475fe-8371-11f0-a0cd-f87c5855fa4d.txt).[/warning]
2025-08-29 12:00:32,442 - data_loader - WARNING - [warning]Class id 20 maps to both 'want' and 'like' (from ab1c7066-like-939fbc25-836f-11f0-98d7-f87c5855fa4d.txt).[/warning]
2025-08-29 12:00:32,455 - data_loader - WARNING - [warning]Class id 3 maps to both 'deaf' and 'need' (from 9f89407d-need-7e5144fe-8378-11f0-a1fb-f87c5855fa4d.txt).[/warning]
2025-08-29 12:00:32,479 - data_loader - WARNING - [warning]Class id 6 maps to both 'go' and 'eat' (from e73d6500-eat-5284a4ab-8371-11f0-971d-f87c5855fa4d.txt).[/warning]
2025-08-29 12:00:32,484 - data_loader - WARNING - [warning]Class id 22 maps to both 'what' and 'yes' (from b42d1261-yes-2a8c0ce7-8376-11f0-9dad-f87c5855fa4d.txt).[/warning]
2025-08-29 12:00:32,492 - data_loader - WARNING - [warning]Class id 21 maps to both 'water' and 'go' (from abd01dc9-go-39cfd415-8373-11f0-ae91-f87c5855fa4d.txt).[/warning]
2025-08-29 12:00:32,512 - data_loader - WARNING - [warning]Class id 21 maps to both 'water' and 'go' (from 6db412ff-go-39352d7a-8373-11f0-83c3-f87c5855fa4d.txt).[/warning]
2025-08-29 12:00:32,541 - data_loader - WARNING - [warning]Class id 12 maps to both 'like' and 'help' (from 19154113-help-a8ba57d5-836f-11f0-b20b-f87c5855fa4d.txt).[/warning]
2025-08-29 12:00:32,559 - data_loader - WARNING - [warning]Class id 1 maps to both 'big' and 'eat' (from 35d621a5-eat-531efc26-8371-11f0-9f0a-f87c5855fa4d.txt).[/warning]
2025-08-29 12:00:32,571 - data_loader - WARNING - [warning]Class id 21 maps to both 'water' and 'home' (from 35b91f17-home-f0c73b13-8373-11f0-b4ef-f87c5855fa4d.txt).[/warning]
2025-08-29 12:00:32,577 - data_loader - WARNING - [warning]Class id 19 maps to both 'thankyou' and 'deaf' (from b185aed4-deaf-69061f23-8378-11f0-be5d-f87c5855fa4d.txt).[/warning]
2025-08-29 12:05:19,996 - data_loader - WARNING - [warning]859 label(s) without matching image(s): ['eat-60fcb4b2-8371-11f0-8ccb-f87c5855fa4d', 'big-5f76e49a-8376-11f0-8eb4-f87c5855fa4d', 'home-f296ebc1-8373-11f0-9b80-f87c5855fa4d', 'help-af5bd470-836f-11f0-ac5b-f87c5855fa4d', 'yes-30a020e6-8376-11f0-9802-f87c5855fa4d']...[/warning]
2025-08-29 12:05:20,001 - data_loader - WARNING - [warning]990 image(s) without matching label(s): ['a2f90d21-play-80f2b1a1-8371-11f0-aa19-f87c5855fa4d', 'd588d851-friend-2ee3f1c9-8374-11f0-8fb9-f87c5855fa4d', '4c0b366e-where-a534a520-8378-11f0-8c97-f87c5855fa4d', '4e8c8d43-what-247b7334-8376-11f0-a432-f87c5855fa4d', '3c404feb-you-72757154-836f-11f0-a0dc-f87c5855fa4d']...[/warning]
2025-08-29 12:05:20,056 - data_loader - WARNING - [warning]Class id 16 maps to both 'play' and 'work' (from 1c5958fb-work-91d475fe-8371-11f0-a0cd-f87c5855fa4d.txt).[/warning]
2025-08-29 12:05:20,060 - data_loader - WARNING - [warning]Class id 20 maps to both 'want' and 'like' (from ab1c7066-like-939fbc25-836f-11f0-98d7-f87c5855fa4d.txt).[/warning]
2025-08-29 12:05:20,075 - data_loader - WARNING - [warning]Class id 3 maps to both 'deaf' and 'need' (from 9f89407d-need-7e5144fe-8378-11f0-a1fb-f87c5855fa4d.txt).[/warning]
2025-08-29 12:05:20,096 - data_loader - WARNING - [warning]Class id 6 maps to both 'go' and 'eat' (from e73d6500-eat-5284a4ab-8371-11f0-971d-f87c5855fa4d.txt).[/warning]
2025-08-29 12:05:20,100 - data_loader - WARNING - [warning]Class id 22 maps to both 'what' and 'yes' (from b42d1261-yes-2a8c0ce7-8376-11f0-9dad-f87c5855fa4d.txt).[/warning]
2025-08-29 12:05:20,108 - data_loader - WARNING - [warning]Class id 21 maps to both 'water' and 'go' (from abd01dc9-go-39cfd415-8373-11f0-ae91-f87c5855fa4d.txt).[/warning]
2025-08-29 12:05:20,126 - data_loader - WARNING - [warning]Class id 21 maps to both 'water' and 'go' (from 6db412ff-go-39352d7a-8373-11f0-83c3-f87c5855fa4d.txt).[/warning]
2025-08-29 12:05:20,155 - data_loader - WARNING - [warning]Class id 12 maps to both 'like' and 'help' (from 19154113-help-a8ba57d5-836f-11f0-b20b-f87c5855fa4d.txt).[/warning]
2025-08-29 12:05:20,172 - data_loader - WARNING - [warning]Class id 1 maps to both 'big' and 'eat' (from 35d621a5-eat-531efc26-8371-11f0-9f0a-f87c5855fa4d.txt).[/warning]
2025-08-29 12:05:20,183 - data_loader - WARNING - [warning]Class id 21 maps to both 'water' and 'home' (from 35b91f17-home-f0c73b13-8373-11f0-b4ef-f87c5855fa4d.txt).[/warning]
2025-08-29 12:05:20,190 - data_loader - WARNING - [warning]Class id 19 maps to both 'thankyou' and 'deaf' (from b185aed4-deaf-69061f23-8378-11f0-be5d-f87c5855fa4d.txt).[/warning]
2025-08-29 12:07:06,149 - data_loader - WARNING - [warning]859 label(s) without matching image(s): ['see-7279a5b5-8371-11f0-a95f-f87c5855fa4d', 'where-99a65a3f-8378-11f0-b4d2-f87c5855fa4d', 'help-ac58ba24-836f-11f0-9e7d-f87c5855fa4d', 'play-8d015651-8371-11f0-aab9-f87c5855fa4d', 'big-658c84ad-8376-11f0-8eba-f87c5855fa4d']...[/warning]
2025-08-29 12:07:06,154 - data_loader - WARNING - [warning]990 image(s) without matching label(s): ['3e7e4610-help-aec18e3b-836f-11f0-b618-f87c5855fa4d', '627aa8a5-need-88076faa-8378-11f0-89cf-f87c5855fa4d', '839d421b-you-7d4ee5ac-836f-11f0-b372-f87c5855fa4d', '8684b2c4-water-dba7fb5b-8373-11f0-abd6-f87c5855fa4d', 'fcbd777e-friend-24a399f8-8374-11f0-a6d8-f87c5855fa4d']...[/warning]
2025-08-29 12:07:06,223 - data_loader - WARNING - [warning]Class id 16 maps to both 'play' and 'work' (from 1c5958fb-work-91d475fe-8371-11f0-a0cd-f87c5855fa4d.txt).[/warning]
2025-08-29 12:07:06,228 - data_loader - WARNING - [warning]Class id 20 maps to both 'want' and 'like' (from ab1c7066-like-939fbc25-836f-11f0-98d7-f87c5855fa4d.txt).[/warning]
2025-08-29 12:07:06,247 - data_loader - WARNING - [warning]Class id 3 maps to both 'deaf' and 'need' (from 9f89407d-need-7e5144fe-8378-11f0-a1fb-f87c5855fa4d.txt).[/warning]
2025-08-29 12:07:06,274 - data_loader - WARNING - [warning]Class id 6 maps to both 'go' and 'eat' (from e73d6500-eat-5284a4ab-8371-11f0-971d-f87c5855fa4d.txt).[/warning]
2025-08-29 12:07:06,278 - data_loader - WARNING - [warning]Class id 22 maps to both 'what' and 'yes' (from b42d1261-yes-2a8c0ce7-8376-11f0-9dad-f87c5855fa4d.txt).[/warning]
2025-08-29 12:07:06,287 - data_loader - WARNING - [warning]Class id 21 maps to both 'water' and 'go' (from abd01dc9-go-39cfd415-8373-11f0-ae91-f87c5855fa4d.txt).[/warning]
2025-08-29 12:07:06,308 - data_loader - WARNING - [warning]Class id 21 maps to both 'water' and 'go' (from 6db412ff-go-39352d7a-8373-11f0-83c3-f87c5855fa4d.txt).[/warning]
2025-08-29 12:07:06,340 - data_loader - WARNING - [warning]Class id 12 maps to both 'like' and 'help' (from 19154113-help-a8ba57d5-836f-11f0-b20b-f87c5855fa4d.txt).[/warning]
2025-08-29 12:07:06,360 - data_loader - WARNING - [warning]Class id 1 maps to both 'big' and 'eat' (from 35d621a5-eat-531efc26-8371-11f0-9f0a-f87c5855fa4d.txt).[/warning]
2025-08-29 12:07:06,372 - data_loader - WARNING - [warning]Class id 21 maps to both 'water' and 'home' (from 35b91f17-home-f0c73b13-8373-11f0-b4ef-f87c5855fa4d.txt).[/warning]
2025-08-29 12:07:06,378 - data_loader - WARNING - [warning]Class id 19 maps to both 'thankyou' and 'deaf' (from b185aed4-deaf-69061f23-8378-11f0-be5d-f87c5855fa4d.txt).[/warning]
2025-08-29 12:07:06,529 - data_loader - WARNING - [warning]Image file not found: data/train/images/help-aa898b31-836f-11f0-b7e8-f87c5855fa4d.jpg. Skipping this sample.[/warning]
