2025-08-27 19:51:59,067 - sign_language - INFO - [realtime]📸 Image capture system initialized[/realtime]
2025-08-27 19:51:59,069 - sign_language - INFO - [success]✅ Camera 0 connected successfully[/success]
2025-08-27 19:51:59,070 - sign_language - INFO - [info]Output directory: ./data/train[/info]
2025-08-27 19:52:35,792 - sign_language - INFO - [success]✅ Completed i: 35/35 images captured[/success]
2025-08-27 19:53:13,011 - sign_language - INFO - [success]✅ Completed you: 35/35 images captured[/success]
2025-08-27 19:53:50,262 - sign_language - INFO - [success]✅ Completed want: 35/35 images captured[/success]
2025-08-27 19:54:27,442 - sign_language - INFO - [success]✅ Completed like: 35/35 images captured[/success]
2025-08-27 19:55:04,461 - sign_language - INFO - [success]✅ Completed help: 35/35 images captured[/success]
2025-08-27 19:55:41,409 - sign_language - INFO - [success]✅ Completed go: 35/35 images captured[/success]
2025-08-27 19:56:18,397 - sign_language - INFO - [success]✅ Completed eat: 35/35 images captured[/success]
2025-08-27 19:56:55,353 - sign_language - INFO - [success]✅ Completed see: 35/35 images captured[/success]
2025-08-27 19:57:32,296 - sign_language - INFO - [success]✅ Completed play: 35/35 images captured[/success]
2025-08-27 19:58:09,187 - sign_language - INFO - [success]✅ Completed work: 35/35 images captured[/success]
2025-08-27 19:58:46,271 - sign_language - INFO - [success]✅ Completed food: 35/35 images captured[/success]
2025-08-27 19:59:23,353 - sign_language - INFO - [success]✅ Completed water: 35/35 images captured[/success]
2025-08-27 20:00:00,378 - sign_language - INFO - [success]✅ Completed home: 35/35 images captured[/success]
2025-08-27 20:00:37,497 - sign_language - INFO - [success]✅ Completed book: 35/35 images captured[/success]
2025-08-27 20:01:14,551 - sign_language - INFO - [success]✅ Completed friend: 35/35 images captured[/success]
2025-08-27 20:01:51,695 - sign_language - INFO - [success]✅ Completed more: 35/35 images captured[/success]
2025-08-27 20:02:28,648 - sign_language - INFO - [success]✅ Completed again: 35/35 images captured[/success]
2025-08-27 20:03:05,536 - sign_language - INFO - [success]✅ Completed what: 35/35 images captured[/success]
2025-08-27 20:03:42,322 - sign_language - INFO - [success]✅ Completed yes: 35/35 images captured[/success]
2025-08-27 20:04:19,435 - sign_language - INFO - [success]✅ Completed no: 35/35 images captured[/success]
2025-08-27 20:04:56,185 - sign_language - INFO - [success]✅ Completed big: 35/35 images captured[/success]
2025-08-27 20:05:33,143 - sign_language - INFO - [success]✅ Completed small: 35/35 images captured[/success]
2025-08-27 20:06:09,994 - sign_language - INFO - [success]✅ Completed hello: 35/35 images captured[/success]
2025-08-27 20:06:47,048 - sign_language - INFO - [success]✅ Completed iloveyou: 35/35 images captured[/success]
2025-08-27 20:07:24,061 - sign_language - INFO - [success]✅ Completed thankyou: 35/35 images captured[/success]
2025-08-27 20:07:24,258 - sign_language - INFO - [info]Camera released and windows closed[/info]
2025-08-27 20:15:30,471 - sign_language - INFO - [realtime]📸 Image capture system initialized[/realtime]
2025-08-27 20:15:30,472 - sign_language - INFO - [success]✅ Camera 0 connected successfully[/success]
2025-08-27 20:15:30,473 - sign_language - INFO - [info]Output directory: ./data/train[/info]
2025-08-27 20:15:35,832 - sign_language - WARNING - [warning]Quit key pressed - stopping capture[/warning]
2025-08-27 20:15:37,891 - sign_language - WARNING - [warning]Quit key pressed - stopping capture[/warning]
2025-08-27 20:15:39,959 - sign_language - WARNING - [warning]Quit key pressed - stopping capture[/warning]
2025-08-27 20:15:42,022 - sign_language - WARNING - [warning]Quit key pressed - stopping capture[/warning]
2025-08-27 20:16:07,207 - sign_language - INFO - [success]✅ Completed S: 31/35 images captured[/success]
2025-08-27 20:17:43,092 - sign_language - INFO - [realtime]📸 Image capture system initialized[/realtime]
2025-08-27 20:17:43,094 - sign_language - INFO - [success]✅ Camera 0 connected successfully[/success]
2025-08-27 20:17:43,094 - sign_language - INFO - [info]Output directory: ./data/train[/info]
2025-08-27 20:18:20,204 - sign_language - INFO - [success]✅ Completed more: 35/35 images captured[/success]
2025-08-27 20:18:57,084 - sign_language - INFO - [success]✅ Completed deaf: 35/35 images captured[/success]
2025-08-27 20:19:34,007 - sign_language - INFO - [success]✅ Completed need: 35/35 images captured[/success]
2025-08-27 20:20:11,093 - sign_language - INFO - [success]✅ Completed where: 35/35 images captured[/success]
2025-08-27 20:20:11,241 - sign_language - INFO - [info]Camera released and windows closed[/info]
2025-08-27 20:22:02,098 - sign_language - INFO - [realtime]📸 Image capture system initialized[/realtime]
2025-08-27 20:22:02,100 - sign_language - INFO - [success]✅ Camera 0 connected successfully[/success]
2025-08-27 20:22:02,101 - sign_language - INFO - [info]Output directory: ./data/test[/info]
2025-08-27 20:22:09,484 - sign_language - INFO - [success]✅ Completed i: 7/7 images captured[/success]
2025-08-27 20:22:16,921 - sign_language - INFO - [success]✅ Completed you: 7/7 images captured[/success]
2025-08-27 20:22:24,345 - sign_language - INFO - [success]✅ Completed want: 7/7 images captured[/success]
2025-08-27 20:22:31,805 - sign_language - INFO - [success]✅ Completed like: 7/7 images captured[/success]
2025-08-27 20:22:39,270 - sign_language - INFO - [success]✅ Completed help: 7/7 images captured[/success]
2025-08-27 20:22:46,669 - sign_language - INFO - [success]✅ Completed go: 7/7 images captured[/success]
2025-08-27 20:22:54,066 - sign_language - INFO - [success]✅ Completed eat: 7/7 images captured[/success]
2025-08-27 20:23:01,492 - sign_language - INFO - [success]✅ Completed see: 7/7 images captured[/success]
2025-08-27 20:23:08,958 - sign_language - INFO - [success]✅ Completed play: 7/7 images captured[/success]
2025-08-27 20:23:16,382 - sign_language - INFO - [success]✅ Completed work: 7/7 images captured[/success]
2025-08-27 20:23:23,853 - sign_language - INFO - [success]✅ Completed food: 7/7 images captured[/success]
2025-08-27 20:23:31,309 - sign_language - INFO - [success]✅ Completed water: 7/7 images captured[/success]
2025-08-27 20:23:38,699 - sign_language - INFO - [success]✅ Completed home: 7/7 images captured[/success]
2025-08-27 20:23:46,173 - sign_language - INFO - [success]✅ Completed book: 7/7 images captured[/success]
2025-08-27 20:23:53,637 - sign_language - INFO - [success]✅ Completed friend: 7/7 images captured[/success]
2025-08-27 20:24:01,070 - sign_language - INFO - [success]✅ Completed more: 7/7 images captured[/success]
2025-08-27 20:24:08,537 - sign_language - INFO - [success]✅ Completed again: 7/7 images captured[/success]
2025-08-27 20:24:15,965 - sign_language - INFO - [success]✅ Completed what: 7/7 images captured[/success]
2025-08-27 20:24:23,392 - sign_language - INFO - [success]✅ Completed yes: 7/7 images captured[/success]
2025-08-27 20:24:30,859 - sign_language - INFO - [success]✅ Completed no: 7/7 images captured[/success]
2025-08-27 20:24:38,324 - sign_language - INFO - [success]✅ Completed big: 7/7 images captured[/success]
2025-08-27 20:24:45,721 - sign_language - INFO - [success]✅ Completed small: 7/7 images captured[/success]
2025-08-27 20:24:53,113 - sign_language - INFO - [success]✅ Completed hello: 7/7 images captured[/success]
2025-08-27 20:25:00,551 - sign_language - INFO - [success]✅ Completed iloveyou: 7/7 images captured[/success]
2025-08-27 20:25:07,949 - sign_language - INFO - [success]✅ Completed thankyou: 7/7 images captured[/success]
2025-08-27 20:25:15,377 - sign_language - INFO - [success]✅ Completed deaf: 7/7 images captured[/success]
2025-08-27 20:25:22,741 - sign_language - INFO - [success]✅ Completed need: 7/7 images captured[/success]
2025-08-27 20:25:30,206 - sign_language - INFO - [success]✅ Completed where: 7/7 images captured[/success]
2025-08-27 20:25:30,310 - sign_language - INFO - [info]Camera released and windows closed[/info]
